d:\pauan\projectes\vj-fib-2d-2022\2dgame\01-tbe\01-tbe\debug\vc140.pdb
d:\pauan\projectes\vj-fib-2d-2022\2dgame\01-tbe\01-tbe\debug\vc140.idb
d:\pauan\projectes\vj-fib-2d-2022\2dgame\01-tbe\01-tbe\debug\game.obj
d:\pauan\projectes\vj-fib-2d-2022\2dgame\01-tbe\01-tbe\debug\main.obj
d:\pauan\projectes\vj-fib-2d-2022\2dgame\01-tbe\01-tbe\debug\player.obj
d:\pauan\projectes\vj-fib-2d-2022\2dgame\01-tbe\01-tbe\debug\projectile.obj
d:\pauan\projectes\vj-fib-2d-2022\2dgame\01-tbe\01-tbe\debug\scene.obj
d:\pauan\projectes\vj-fib-2d-2022\2dgame\01-tbe\01-tbe\debug\shader.obj
d:\pauan\projectes\vj-fib-2d-2022\2dgame\01-tbe\01-tbe\debug\shaderprogram.obj
d:\pauan\projectes\vj-fib-2d-2022\2dgame\01-tbe\01-tbe\debug\enemy.obj
d:\pauan\projectes\vj-fib-2d-2022\2dgame\01-tbe\01-tbe\debug\sprite.obj
d:\pauan\projectes\vj-fib-2d-2022\2dgame\01-tbe\01-tbe\debug\texture.obj
d:\pauan\projectes\vj-fib-2d-2022\2dgame\01-tbe\01-tbe\debug\texturedquad.obj
d:\pauan\projectes\vj-fib-2d-2022\2dgame\01-tbe\01-tbe\debug\tilemap.obj
d:\pauan\projectes\vj-fib-2d-2022\2dgame\01-tbe\01-tbe\debug\titlescreen.obj
d:\pauan\projectes\vj-fib-2d-2022\2dgame\01-tbe\debug\01-tbe.ilk
d:\pauan\projectes\vj-fib-2d-2022\2dgame\01-tbe\debug\01-tbe.exe
d:\pauan\projectes\vj-fib-2d-2022\2dgame\01-tbe\debug\01-tbe.pdb
d:\pauan\projectes\vj-fib-2d-2022\2dgame\01-tbe\01-tbe\debug\01-tbe.tlog\cl.command.1.tlog
d:\pauan\projectes\vj-fib-2d-2022\2dgame\01-tbe\01-tbe\debug\01-tbe.tlog\cl.read.1.tlog
d:\pauan\projectes\vj-fib-2d-2022\2dgame\01-tbe\01-tbe\debug\01-tbe.tlog\cl.write.1.tlog
d:\pauan\projectes\vj-fib-2d-2022\2dgame\01-tbe\01-tbe\debug\01-tbe.tlog\link.command.1.tlog
d:\pauan\projectes\vj-fib-2d-2022\2dgame\01-tbe\01-tbe\debug\01-tbe.tlog\link.read.1.tlog
d:\pauan\projectes\vj-fib-2d-2022\2dgame\01-tbe\01-tbe\debug\01-tbe.tlog\link.write.1.tlog
